2025-12-06 18:03:21,116 - DEBUG - Using proactor: IocpProactor
2025-12-06 18:03:31,437 - DEBUG - Iniciando búsqueda con query: 'test'
2025-12-06 18:03:31,437 - DEBUG - Modelo en uso: ModeloBinario
2025-12-06 18:03:31,437 - DEBUG - Llamando a ModeloBinario.buscar('test')
2025-12-06 18:03:31,459 - DEBUG - Resultado obtenido: tipo=<class 'numpy.ndarray'>, contenido=[   3    5    6    7   11   13   14   15   19   22   23   31   33   34
   35   39   41   42   43   45   48   49   62   63   67   71   72   76
   79   80   87   91   93   94   95   98  100  101  102  107  110  111
  117  118  122  125  126  130  133  134  138  141  142  149  150  158
  159  160  164  166  168  172  175  176  179  181  185  187  188  189
  196  198  199  200  202  204  222  223  227  230  231  235  237  239
  243  245  246  250  253  254  258  261  262  269  272  275  276  281
  284  285  293  294  295  296  297  300  303  304  307  310  315  318
  319  324  325  326  330  333  334  341  342  346  347  350  353  357
  360  361  365  368  369  372  375  376  380  383  384  387  388  395
  396  403  404  409  412  413  416  419  420  428  430  432  435  437
  438  447  449  450  453  456  457  464  465  469  471  473  477  479
  480  490  493  494  497  499  501  505  507  508  513  516  517  529
  532  533  535  543  546  547  553  555  557  560  562  563  564  567
  568  572  575  576  580  582  584  586  587  588  596  597  604  605
  609  612  613  617  620  621  622  623  624  625  630  633  636  640
  642  649  652  653  655  661  669  670  674  677  678  682  685  686
  692  695  696  698  702  703  709  710  712  713  716  719  720  724
  727  728  762  873  891  958 1020 1085 1123 1155 1217 1308 1321 1339
 1405 1475 1579 1614 1645 1678 1775 1825 1941 1967 2011 2055 2085 2113
 2146 2199 2206 2268 2300 2344 2389 2565 2612 2671 2686 2928 2954 2978
 3022 3076 3126 3256 3278 3410 3560 3603 3624 3673 3682 3709 3730 3783
 3784 3813 3864 3951 4065 4252 4268 4388 4512 4539 4570 4578 4644 4703
 4719 4753 4830 4920 4921 4931 4950 5052 5070 5099 5142 5207 5236 5265
 5295 5307 5410 5450 5500 5513 5750 5809 5812 5840 5930 5933 5956 5988
 6113 6123 6132 6142 6146 6152 6153 6160 6168 6185 6192 6203 6204 6205
 6210 6212 6222 6223 6225 6231 6234 6240 6241 6253 6266 6268 6270 6278
 6286 6289 6296 6298 6309 6310 6323 6360 6384 6397 6403 6412 6419 6422
 6438 6439 6440 6446 6447 6455 6474 6482 6501 6511 6512 6518 6527 6537
 6545 6553 6583 6584 6599 6609 6619 6627 6633 6634 6643 6652 6659 6669
 6673 6683 6693 6703 6712 6713 6722 6736 6737 6738 6744 6751 6755 6763
 6769 6772 6788 6800 6810 6829 6849 6860 6862 6866 6867 6870 6872 6879
 6886 6896 6905 6913 6921 6923 6932 6952 6956 6960 6969 6972 6981 6989
 7009 7010 7018 7029 7030 7032 7035 7036 7039 7044 7045 7069 7070 7083
 7086 7107 7108 7110 7117 7121 7133 7137 7140 7144 7151 7159 7168 7178
 7179 7187 7201 7217 7225 7226 7228 7230 7231 7240 7244 7250 7254 7267
 7270 7293 7296 7311 7330 7351 7356 7363 7364 7367 7394 7402 7435 7443
 7446 7455 7456 7457 7476 7481 7489 7490 7493 7511 7512 7515 7526 7527
 7537 7547 7563 7579 7584 7595 7597 7620 7627 7634 7655 7657 7669 7677
 7700 7709 7723 7724 7734 7740 7745 7768 7776 7782 7789 7803 7808 7811
 7818 7851 7856 7877 7895 7898 7917 7930 7931 7946 7955 7956 7964 7974
 7988 8004 8019 8021 8031 8047 8048]
2025-12-06 18:03:31,462 - DEBUG - Formateando resultados
2025-12-06 18:03:31,462 - DEBUG - Formateando como índices (Binary)
2025-12-06 18:03:31,462 - DEBUG - 581 resultados formateados
2025-12-06 18:07:07,092 - DEBUG - Using proactor: IocpProactor
2025-12-06 18:07:13,523 - DEBUG - Iniciando búsqueda con query: 'test'
2025-12-06 18:07:13,523 - DEBUG - Modelo en uso: ModeloBinario
2025-12-06 18:07:13,523 - DEBUG - Llamando a ModeloBinario.buscar('test')
2025-12-06 18:07:13,542 - DEBUG - Resultado obtenido: tipo=<class 'numpy.ndarray'>, len=581
2025-12-06 18:07:13,543 - DEBUG - Convirtiendo numpy array a lista
2025-12-06 18:07:13,543 - DEBUG - Tipo después de conversión: <class 'list'>, len=581
2025-12-06 18:07:13,543 - DEBUG - Formateando como índices (Binary)
2025-12-06 18:07:13,543 - DEBUG - 581 resultados formateados (Binary)
2025-12-06 18:07:35,501 - DEBUG - Iniciando búsqueda con query: 'cancer'
2025-12-06 18:07:35,501 - DEBUG - Modelo en uso: ModeloBinario
2025-12-06 18:07:35,501 - DEBUG - Llamando a ModeloBinario.buscar('cancer')
2025-12-06 18:07:35,502 - DEBUG - Resultado obtenido: tipo=<class 'numpy.ndarray'>, len=1079
2025-12-06 18:07:35,502 - DEBUG - Convirtiendo numpy array a lista
2025-12-06 18:07:35,502 - DEBUG - Tipo después de conversión: <class 'list'>, len=1079
2025-12-06 18:07:35,502 - DEBUG - Formateando como índices (Binary)
2025-12-06 18:07:35,502 - DEBUG - 1079 resultados formateados (Binary)
2025-12-06 18:12:53,809 - DEBUG - Iniciando búsqueda con query: 'cancer'
2025-12-06 18:12:53,809 - DEBUG - Modelo en uso: ModeloVectorialTfIdf
2025-12-06 18:12:53,809 - DEBUG - Llamando a ModeloVectorialTfIdf.buscar('cancer', k=5)
2025-12-06 18:12:53,863 - DEBUG - Resultado obtenido: tipo=<class 'list'>, len=5
2025-12-06 18:12:53,863 - DEBUG - Tipo después de conversión: <class 'list'>, len=5
2025-12-06 18:12:53,864 - DEBUG - Formato detectado: TF-IDF/BM25 (tuplas con scores)
2025-12-06 18:12:53,864 - DEBUG - 5 resultados formateados (TF-IDF/BM25)
2025-12-06 18:13:35,412 - DEBUG - Iniciando búsqueda con query: 'cancer'
2025-12-06 18:13:35,412 - DEBUG - Modelo en uso: ModeloVectorialTfIdf
2025-12-06 18:13:35,412 - DEBUG - Llamando a ModeloVectorialTfIdf.buscar('cancer', k=5)
2025-12-06 18:13:35,441 - DEBUG - Resultado obtenido: tipo=<class 'list'>, len=5
2025-12-06 18:13:35,441 - DEBUG - Tipo después de conversión: <class 'list'>, len=5
2025-12-06 18:13:35,441 - DEBUG - Formato detectado: TF-IDF/BM25 (tuplas con scores)
2025-12-06 18:13:35,441 - DEBUG - 5 resultados formateados (TF-IDF/BM25)
2025-12-06 18:15:53,972 - DEBUG - Using proactor: IocpProactor
2025-12-06 18:16:58,127 - DEBUG - Iniciando búsqueda con query: 'cancer'
2025-12-06 18:16:58,127 - DEBUG - Modelo en uso: ModeloBM25
2025-12-06 18:16:58,127 - DEBUG - Llamando a ModeloBM25.buscar('cancer', k=5)
2025-12-06 18:16:58,153 - DEBUG - Resultado obtenido: tipo=<class 'list'>, len=5
2025-12-06 18:16:58,153 - DEBUG - Tipo después de conversión: <class 'list'>, len=5
2025-12-06 18:16:58,153 - DEBUG - Formato detectado: TF-IDF/BM25 (tuplas con scores)
2025-12-06 18:16:58,154 - DEBUG - 5 resultados formateados (TF-IDF/BM25)
2025-12-06 18:17:40,921 - DEBUG - Using proactor: IocpProactor
2025-12-06 18:18:00,866 - DEBUG - Iniciando búsqueda con query: 'cancer'
2025-12-06 18:18:00,867 - DEBUG - Modelo en uso: ModeloBinario
2025-12-06 18:18:00,867 - DEBUG - Llamando a ModeloBinario.buscar('cancer')
2025-12-06 18:18:00,887 - DEBUG - Resultado obtenido: tipo=<class 'numpy.ndarray'>, len=1079
2025-12-06 18:18:00,887 - DEBUG - Convirtiendo numpy array a lista
2025-12-06 18:18:00,888 - DEBUG - Tipo después de conversión: <class 'list'>, len=1079
2025-12-06 18:18:00,888 - DEBUG - Formateando como índices (Binary)
2025-12-06 18:18:00,888 - DEBUG - 1079 resultados formateados (Binary)
